<?xml version="1.0" encoding="UTF-8"?>
<testng-results skipped="0" failed="0" ignored="0" total="5" passed="5">
  <reporter-output>
  </reporter-output>
  <suite name="Surefire suite" duration-ms="18663" started-at="2018-11-12T23:38:11Z" finished-at="2018-11-12T23:38:29Z">
    <groups>
      <group name="cucumber">
        <method signature="AbstractTestNGCucumberTests.feature(cucumber.api.testng.CucumberFeatureWrapper)[pri:0, instance:com.ojodev.cucumber.test.runner.TestRunner@3c09711b]" name="feature" class="cucumber.api.testng.AbstractTestNGCucumberTests"/>
      </group> <!-- cucumber -->
    </groups>
    <test name="Surefire test" duration-ms="18663" started-at="2018-11-12T23:38:11Z" finished-at="2018-11-12T23:38:29Z">
      <class name="com.ojodev.cucumber.test.runner.TestRunner">
        <test-method status="PASS" signature="setUpClass()[pri:0, instance:com.ojodev.cucumber.test.runner.TestRunner@3c09711b]" name="setUpClass" is-config="true" duration-ms="211" started-at="2018-11-12T23:38:11Z" finished-at="2018-11-12T23:38:11Z">
          <reporter-output>
          </reporter-output>
        </test-method> <!-- setUpClass -->
        <test-method status="PASS" signature="feature(cucumber.api.testng.CucumberFeatureWrapper)[pri:0, instance:com.ojodev.cucumber.test.runner.TestRunner@3c09711b]" name="feature" duration-ms="3556" started-at="2018-11-12T23:38:11Z" description="Runs Cucumber Feature" data-provider="features" finished-at="2018-11-12T23:38:15Z">
          <params>
            <param index="0">
              <value>
                <![CDATA[LoginFeature]]>
              </value>
            </param>
          </params>
          <reporter-output>
          </reporter-output>
        </test-method> <!-- feature -->
        <test-method status="PASS" signature="feature(cucumber.api.testng.CucumberFeatureWrapper)[pri:0, instance:com.ojodev.cucumber.test.runner.TestRunner@3c09711b]" name="feature" duration-ms="2889" started-at="2018-11-12T23:38:15Z" description="Runs Cucumber Feature" data-provider="features" finished-at="2018-11-12T23:38:18Z">
          <params>
            <param index="0">
              <value>
                <![CDATA[LoginFeature]]>
              </value>
            </param>
          </params>
          <reporter-output>
          </reporter-output>
        </test-method> <!-- feature -->
        <test-method status="PASS" signature="feature(cucumber.api.testng.CucumberFeatureWrapper)[pri:0, instance:com.ojodev.cucumber.test.runner.TestRunner@3c09711b]" name="feature" duration-ms="3010" started-at="2018-11-12T23:38:18Z" description="Runs Cucumber Feature" data-provider="features" finished-at="2018-11-12T23:38:21Z">
          <params>
            <param index="0">
              <value>
                <![CDATA[LoginFeature]]>
              </value>
            </param>
          </params>
          <reporter-output>
          </reporter-output>
        </test-method> <!-- feature -->
        <test-method status="PASS" signature="feature(cucumber.api.testng.CucumberFeatureWrapper)[pri:0, instance:com.ojodev.cucumber.test.runner.TestRunner@3c09711b]" name="feature" duration-ms="5703" started-at="2018-11-12T23:38:21Z" description="Runs Cucumber Feature" data-provider="features" finished-at="2018-11-12T23:38:26Z">
          <params>
            <param index="0">
              <value>
                <![CDATA[LoginFeature]]>
              </value>
            </param>
          </params>
          <reporter-output>
          </reporter-output>
        </test-method> <!-- feature -->
        <test-method status="PASS" signature="feature(cucumber.api.testng.CucumberFeatureWrapper)[pri:0, instance:com.ojodev.cucumber.test.runner.TestRunner@3c09711b]" name="feature" duration-ms="3125" started-at="2018-11-12T23:38:26Z" description="Runs Cucumber Feature" data-provider="features" finished-at="2018-11-12T23:38:29Z">
          <params>
            <param index="0">
              <value>
                <![CDATA[LoginFeature]]>
              </value>
            </param>
          </params>
          <reporter-output>
          </reporter-output>
        </test-method> <!-- feature -->
        <test-method status="PASS" signature="tearDownClass()[pri:0, instance:com.ojodev.cucumber.test.runner.TestRunner@3c09711b]" name="tearDownClass" is-config="true" duration-ms="101" started-at="2018-11-12T23:38:29Z" finished-at="2018-11-12T23:38:29Z">
          <reporter-output>
          </reporter-output>
        </test-method> <!-- tearDownClass -->
      </class> <!-- com.ojodev.cucumber.test.runner.TestRunner -->
    </test> <!-- Surefire test -->
  </suite> <!-- Surefire suite -->
</testng-results>
